<?xml version="1.0" encoding="UTF-8"?>
<testsuite name="com.zuhlke.reactive.GreetingRouterTest" tests="1" skipped="0" failures="0" errors="0" timestamp="2019-05-14T12:43:37" hostname="Yues-MacBook-Pro.local" time="0.413">
  <properties/>
  <testcase name="testHello" classname="com.zuhlke.reactive.GreetingRouterTest" time="0.413"/>
  <system-out><![CDATA[13:43:35.231 [Test worker] DEBUG org.springframework.test.context.junit4.SpringJUnit4ClassRunner - SpringJUnit4ClassRunner constructor called with [class com.zuhlke.reactive.GreetingRouterTest]
13:43:35.239 [Test worker] DEBUG org.springframework.test.context.BootstrapUtils - Instantiating CacheAwareContextLoaderDelegate from class [org.springframework.test.context.cache.DefaultCacheAwareContextLoaderDelegate]
13:43:35.246 [Test worker] DEBUG org.springframework.test.context.BootstrapUtils - Instantiating BootstrapContext using constructor [public org.springframework.test.context.support.DefaultBootstrapContext(java.lang.Class,org.springframework.test.context.CacheAwareContextLoaderDelegate)]
13:43:35.265 [Test worker] DEBUG org.springframework.test.context.BootstrapUtils - Instantiating TestContextBootstrapper for test class [com.zuhlke.reactive.GreetingRouterTest] from class [org.springframework.boot.test.context.SpringBootTestContextBootstrapper]
13:43:35.278 [Test worker] INFO org.springframework.boot.test.context.SpringBootTestContextBootstrapper - Neither @ContextConfiguration nor @ContextHierarchy found for test class [com.zuhlke.reactive.GreetingRouterTest], using SpringBootContextLoader
13:43:35.281 [Test worker] DEBUG org.springframework.test.context.support.AbstractContextLoader - Did not detect default resource location for test class [com.zuhlke.reactive.GreetingRouterTest]: class path resource [com/zuhlke/reactive/GreetingRouterTest-context.xml] does not exist
13:43:35.281 [Test worker] DEBUG org.springframework.test.context.support.AbstractContextLoader - Did not detect default resource location for test class [com.zuhlke.reactive.GreetingRouterTest]: class path resource [com/zuhlke/reactive/GreetingRouterTestContext.groovy] does not exist
13:43:35.282 [Test worker] INFO org.springframework.test.context.support.AbstractContextLoader - Could not detect default resource locations for test class [com.zuhlke.reactive.GreetingRouterTest]: no resource found for suffixes {-context.xml, Context.groovy}.
13:43:35.282 [Test worker] INFO org.springframework.test.context.support.AnnotationConfigContextLoaderUtils - Could not detect default configuration classes for test class [com.zuhlke.reactive.GreetingRouterTest]: GreetingRouterTest does not declare any static, non-private, non-final, nested classes annotated with @Configuration.
13:43:35.326 [Test worker] DEBUG org.springframework.test.context.support.ActiveProfilesUtils - Could not find an 'annotation declaring class' for annotation type [org.springframework.test.context.ActiveProfiles] and class [com.zuhlke.reactive.GreetingRouterTest]
13:43:35.401 [Test worker] DEBUG org.springframework.context.annotation.ClassPathScanningCandidateComponentProvider - Identified candidate component class: file [/Users/yuwa/Projects/reactive/build/classes/java/main/com/zuhlke/reactive/Application.class]
13:43:35.403 [Test worker] INFO org.springframework.boot.test.context.SpringBootTestContextBootstrapper - Found @SpringBootConfiguration com.zuhlke.reactive.Application for test class com.zuhlke.reactive.GreetingRouterTest
13:43:35.506 [Test worker] DEBUG org.springframework.boot.test.context.SpringBootTestContextBootstrapper - @TestExecutionListeners is not present for class [com.zuhlke.reactive.GreetingRouterTest]: using defaults.
13:43:35.506 [Test worker] INFO org.springframework.boot.test.context.SpringBootTestContextBootstrapper - Loaded default TestExecutionListener class names from location [META-INF/spring.factories]: [org.springframework.boot.test.autoconfigure.restdocs.RestDocsTestExecutionListener, org.springframework.boot.test.autoconfigure.web.client.MockRestServiceServerResetTestExecutionListener, org.springframework.boot.test.autoconfigure.web.servlet.MockMvcPrintOnlyOnFailureTestExecutionListener, org.springframework.boot.test.autoconfigure.web.servlet.WebDriverTestExecutionListener, org.springframework.boot.test.mock.mockito.MockitoTestExecutionListener, org.springframework.boot.test.mock.mockito.ResetMocksTestExecutionListener, org.springframework.test.context.web.ServletTestExecutionListener, org.springframework.test.context.support.DirtiesContextBeforeModesTestExecutionListener, org.springframework.test.context.support.DependencyInjectionTestExecutionListener, org.springframework.test.context.support.DirtiesContextTestExecutionListener, org.springframework.test.context.transaction.TransactionalTestExecutionListener, org.springframework.test.context.jdbc.SqlScriptsTestExecutionListener]
13:43:35.515 [Test worker] DEBUG org.springframework.boot.test.context.SpringBootTestContextBootstrapper - Skipping candidate TestExecutionListener [org.springframework.test.context.web.ServletTestExecutionListener] due to a missing dependency. Specify custom listener classes or make the default listener classes and their required dependencies available. Offending class: [javax/servlet/ServletContext]
13:43:35.517 [Test worker] DEBUG org.springframework.boot.test.context.SpringBootTestContextBootstrapper - Skipping candidate TestExecutionListener [org.springframework.test.context.transaction.TransactionalTestExecutionListener] due to a missing dependency. Specify custom listener classes or make the default listener classes and their required dependencies available. Offending class: [org/springframework/transaction/interceptor/TransactionAttributeSource]
13:43:35.517 [Test worker] DEBUG org.springframework.boot.test.context.SpringBootTestContextBootstrapper - Skipping candidate TestExecutionListener [org.springframework.test.context.jdbc.SqlScriptsTestExecutionListener] due to a missing dependency. Specify custom listener classes or make the default listener classes and their required dependencies available. Offending class: [org/springframework/transaction/interceptor/TransactionAttribute]
13:43:35.518 [Test worker] INFO org.springframework.boot.test.context.SpringBootTestContextBootstrapper - Using TestExecutionListeners: [org.springframework.test.context.support.DirtiesContextBeforeModesTestExecutionListener@70f157d2, org.springframework.boot.test.mock.mockito.MockitoTestExecutionListener@6e527d0, org.springframework.boot.test.autoconfigure.SpringBootDependencyInjectionTestExecutionListener@67fcf461, org.springframework.test.context.support.DirtiesContextTestExecutionListener@75e61a34, org.springframework.boot.test.autoconfigure.restdocs.RestDocsTestExecutionListener@f538c9d, org.springframework.boot.test.autoconfigure.web.client.MockRestServiceServerResetTestExecutionListener@20a7f100, org.springframework.boot.test.autoconfigure.web.servlet.MockMvcPrintOnlyOnFailureTestExecutionListener@20f85689, org.springframework.boot.test.autoconfigure.web.servlet.WebDriverTestExecutionListener@650adf18, org.springframework.boot.test.mock.mockito.ResetMocksTestExecutionListener@76ae9040]
13:43:35.522 [Test worker] DEBUG org.springframework.test.annotation.ProfileValueUtils - Retrieved @ProfileValueSourceConfiguration [null] for test class [com.zuhlke.reactive.GreetingRouterTest]
13:43:35.522 [Test worker] DEBUG org.springframework.test.annotation.ProfileValueUtils - Retrieved ProfileValueSource type [class org.springframework.test.annotation.SystemProfileValueSource] for class [com.zuhlke.reactive.GreetingRouterTest]
13:43:35.524 [Test worker] DEBUG org.springframework.test.annotation.ProfileValueUtils - Retrieved @ProfileValueSourceConfiguration [null] for test class [com.zuhlke.reactive.GreetingRouterTest]
13:43:35.524 [Test worker] DEBUG org.springframework.test.annotation.ProfileValueUtils - Retrieved ProfileValueSource type [class org.springframework.test.annotation.SystemProfileValueSource] for class [com.zuhlke.reactive.GreetingRouterTest]
13:43:35.525 [Test worker] DEBUG org.springframework.test.annotation.ProfileValueUtils - Retrieved @ProfileValueSourceConfiguration [null] for test class [com.zuhlke.reactive.GreetingRouterTest]
13:43:35.525 [Test worker] DEBUG org.springframework.test.annotation.ProfileValueUtils - Retrieved ProfileValueSource type [class org.springframework.test.annotation.SystemProfileValueSource] for class [com.zuhlke.reactive.GreetingRouterTest]
13:43:35.528 [Test worker] DEBUG org.springframework.test.context.support.AbstractDirtiesContextTestExecutionListener - Before test class: context [DefaultTestContext@4d8b346c testClass = GreetingRouterTest, testInstance = [null], testMethod = [null], testException = [null], mergedContextConfiguration = [ReactiveWebMergedContextConfiguration@53b41fe5 testClass = GreetingRouterTest, locations = '{}', classes = '{class com.zuhlke.reactive.Application}', contextInitializerClasses = '[]', activeProfiles = '{}', propertySourceLocations = '{}', propertySourceProperties = '{org.springframework.boot.test.context.SpringBootTestContextBootstrapper=true, server.port=0}', contextCustomizers = set[org.springframework.boot.test.autoconfigure.properties.PropertyMappingContextCustomizer@0, org.springframework.boot.test.autoconfigure.web.servlet.WebDriverContextCustomizerFactory$Customizer@7d2fd399, org.springframework.boot.test.context.filter.ExcludeFilterContextCustomizer@1bab3530, org.springframework.boot.test.json.DuplicateJsonObjectContextCustomizerFactory$DuplicateJsonObjectContextCustomizer@65a6e834, org.springframework.boot.test.mock.mockito.MockitoContextCustomizer@0, org.springframework.boot.test.web.client.TestRestTemplateContextCustomizer@766d897e, org.springframework.boot.test.web.reactive.server.WebTestClientContextCustomizer@1731cbf5], contextLoader = 'org.springframework.boot.test.context.SpringBootContextLoader', parent = [null]], attributes = map['org.springframework.test.context.web.ServletTestExecutionListener.activateListener' -> false]], class annotated with @DirtiesContext [false] with mode [null].
13:43:35.529 [Test worker] DEBUG org.springframework.test.annotation.ProfileValueUtils - Retrieved @ProfileValueSourceConfiguration [null] for test class [com.zuhlke.reactive.GreetingRouterTest]
13:43:35.529 [Test worker] DEBUG org.springframework.test.annotation.ProfileValueUtils - Retrieved ProfileValueSource type [class org.springframework.test.annotation.SystemProfileValueSource] for class [com.zuhlke.reactive.GreetingRouterTest]
13:43:35.534 [Test worker] DEBUG org.springframework.test.context.support.DependencyInjectionTestExecutionListener - Performing dependency injection for test context [[DefaultTestContext@4d8b346c testClass = GreetingRouterTest, testInstance = com.zuhlke.reactive.GreetingRouterTest@5c9134e3, testMethod = [null], testException = [null], mergedContextConfiguration = [ReactiveWebMergedContextConfiguration@53b41fe5 testClass = GreetingRouterTest, locations = '{}', classes = '{class com.zuhlke.reactive.Application}', contextInitializerClasses = '[]', activeProfiles = '{}', propertySourceLocations = '{}', propertySourceProperties = '{org.springframework.boot.test.context.SpringBootTestContextBootstrapper=true, server.port=0}', contextCustomizers = set[org.springframework.boot.test.autoconfigure.properties.PropertyMappingContextCustomizer@0, org.springframework.boot.test.autoconfigure.web.servlet.WebDriverContextCustomizerFactory$Customizer@7d2fd399, org.springframework.boot.test.context.filter.ExcludeFilterContextCustomizer@1bab3530, org.springframework.boot.test.json.DuplicateJsonObjectContextCustomizerFactory$DuplicateJsonObjectContextCustomizer@65a6e834, org.springframework.boot.test.mock.mockito.MockitoContextCustomizer@0, org.springframework.boot.test.web.client.TestRestTemplateContextCustomizer@766d897e, org.springframework.boot.test.web.reactive.server.WebTestClientContextCustomizer@1731cbf5], contextLoader = 'org.springframework.boot.test.context.SpringBootContextLoader', parent = [null]], attributes = map['org.springframework.test.context.web.ServletTestExecutionListener.activateListener' -> false]]].
13:43:35.553 [Test worker] DEBUG org.springframework.test.context.support.TestPropertySourceUtils - Adding inlined properties to environment: {spring.jmx.enabled=false, org.springframework.boot.test.context.SpringBootTestContextBootstrapper=true, server.port=0}

  .   ____          _            __ _ _
 /\\ / ___'_ __ _ _(_)_ __  __ _ \ \ \ \
( ( )\___ | '_ | '_| | '_ \/ _` | \ \ \ \
 \\/  ___)| |_)| | | | | || (_| |  ) ) ) )
  '  |____| .__|_| |_|_| |_\__, | / / / /
 =========|_|==============|___/=/_/_/_/
 :: Spring Boot ::        (v2.1.4.RELEASE)

2019-05-14 13:43:35.855  INFO 66257 --- [    Test worker] com.zuhlke.reactive.GreetingRouterTest   : Starting GreetingRouterTest on Yues-MacBook-Pro.local with PID 66257 (started by yuwa in /Users/yuwa/Projects/reactive)
2019-05-14 13:43:35.857  INFO 66257 --- [    Test worker] com.zuhlke.reactive.GreetingRouterTest   : No active profile set, falling back to default profiles: default
2019-05-14 13:43:37.468  INFO 66257 --- [    Test worker] o.s.b.web.embedded.netty.NettyWebServer  : Netty started on port(s): 55817
2019-05-14 13:43:37.472  INFO 66257 --- [    Test worker] com.zuhlke.reactive.GreetingRouterTest   : Started GreetingRouterTest in 1.917 seconds (JVM running for 2.821)
]]></system-out>
  <system-err><![CDATA[]]></system-err>
</testsuite>
